2019-01-28 13:47:03.538+0000 WARN [o.n.i.p.PageCache] The dbms.memory.pagecache.size setting has not been configured. It is recommended that this setting is always explicitly configured, to ensure the system has a balanced configuration. Until then, a computed heuristic value of 6422718464 bytes will be used instead. Run `neo4j-admin memrec` for memory configuration suggestions.
2019-01-28 13:47:03.934+0000 INFO [o.n.g.f.m.e.CommunityEditionModule] No locking implementation specified, defaulting to 'community'
2019-01-28 13:47:04.168+0000 INFO [o.n.g.f.GraphDatabaseFacadeFactory] Creating '"C:UsersvhacimufDesktop
eo4j-community-3.5.1datadatabases"' database.
2019-01-28 13:47:04.230+0000 INFO [o.n.k.a.DatabaseAvailabilityGuard] Requirement `Database available` makes database "C:UsersvhacimufDesktop
eo4j-community-3.5.1datadatabases" unavailable.
2019-01-28 13:47:04.230+0000 INFO [o.n.k.a.DatabaseAvailabilityGuard] Database "C:UsersvhacimufDesktop
eo4j-community-3.5.1datadatabases" is unavailable.
2019-01-28 13:47:04.292+0000 INFO [o.n.i.d.DiagnosticsManager] --- INITIALIZED diagnostics START ---
2019-01-28 13:47:04.292+0000 INFO [o.n.i.d.DiagnosticsManager] Neo4j Kernel properties:
2019-01-28 13:47:04.292+0000 INFO [o.n.i.d.DiagnosticsManager] unsupported.dbms.directories.neo4j_home=C:\Projects\Devon-dist_2.4.0\workspaces\main\readData
2019-01-28 13:47:04.292+0000 INFO [o.n.i.d.DiagnosticsManager] dbms.active_database="C:UsersvhacimufDesktop
eo4j-community-3.5.1datadatabases"
2019-01-28 13:47:04.292+0000 INFO [o.n.i.d.DiagnosticsManager] unsupported.dbms.directories.databases.root=C:\Projects\Devon-dist_2.4.0\workspaces\main\readData
2019-01-28 13:47:04.292+0000 INFO [o.n.i.d.DiagnosticsManager] unsupported.dbms.edition=community
2019-01-28 13:47:04.292+0000 INFO [o.n.i.d.DiagnosticsManager] unsupported.dbms.ephemeral=false
2019-01-28 13:47:04.292+0000 INFO [o.n.i.d.DiagnosticsManager] Diagnostics providers:
2019-01-28 13:47:04.292+0000 INFO [o.n.i.d.DiagnosticsManager] org.neo4j.kernel.configuration.Config
2019-01-28 13:47:04.292+0000 INFO [o.n.i.d.DiagnosticsManager] org.neo4j.internal.diagnostics.DiagnosticsManager
2019-01-28 13:47:04.292+0000 INFO [o.n.i.d.DiagnosticsManager] SYSTEM_MEMORY
2019-01-28 13:47:04.292+0000 INFO [o.n.i.d.DiagnosticsManager] JAVA_MEMORY
2019-01-28 13:47:04.292+0000 INFO [o.n.i.d.DiagnosticsManager] OPERATING_SYSTEM
2019-01-28 13:47:04.292+0000 INFO [o.n.i.d.DiagnosticsManager] JAVA_VIRTUAL_MACHINE
2019-01-28 13:47:04.292+0000 INFO [o.n.i.d.DiagnosticsManager] CLASSPATH
2019-01-28 13:47:04.292+0000 INFO [o.n.i.d.DiagnosticsManager] LIBRARY_PATH
2019-01-28 13:47:04.292+0000 INFO [o.n.i.d.DiagnosticsManager] SYSTEM_PROPERTIES
2019-01-28 13:47:04.292+0000 INFO [o.n.i.d.DiagnosticsManager] TIMEZONE_DATABASE
2019-01-28 13:47:04.292+0000 INFO [o.n.i.d.DiagnosticsManager] NETWORK
2019-01-28 13:47:04.292+0000 INFO [o.n.i.d.DiagnosticsManager] System memory information:
2019-01-28 13:47:04.292+0000 INFO [o.n.i.d.DiagnosticsManager] Total Physical memory: 15.38 GB
2019-01-28 13:47:04.308+0000 INFO [o.n.i.d.DiagnosticsManager] Free Physical memory: 7.99 GB
2019-01-28 13:47:04.308+0000 INFO [o.n.i.d.DiagnosticsManager] Committed virtual memory: 564.32 MB
2019-01-28 13:47:04.308+0000 INFO [o.n.i.d.DiagnosticsManager] Total swap space: 30.76 GB
2019-01-28 13:47:04.308+0000 INFO [o.n.i.d.DiagnosticsManager] Free swap space: 22.54 GB
2019-01-28 13:47:04.308+0000 INFO [o.n.i.d.DiagnosticsManager] JVM memory information:
2019-01-28 13:47:04.308+0000 INFO [o.n.i.d.DiagnosticsManager] Free  memory: 137.21 MB
2019-01-28 13:47:04.308+0000 INFO [o.n.i.d.DiagnosticsManager] Total memory: 261.50 MB
2019-01-28 13:47:04.308+0000 INFO [o.n.i.d.DiagnosticsManager] Max   memory: 3.42 GB
2019-01-28 13:47:04.308+0000 INFO [o.n.i.d.DiagnosticsManager] Garbage Collector: PS Scavenge: [PS Eden Space, PS Survivor Space]
2019-01-28 13:47:04.308+0000 INFO [o.n.i.d.DiagnosticsManager] Garbage Collector: PS MarkSweep: [PS Eden Space, PS Survivor Space, PS Old Gen]
2019-01-28 13:47:04.308+0000 INFO [o.n.i.d.DiagnosticsManager] Memory Pool: Code Cache (Non-heap memory): committed=12.00 MB, used=11.96 MB, max=240.00 MB, threshold=0.00 B
2019-01-28 13:47:04.308+0000 INFO [o.n.i.d.DiagnosticsManager] Memory Pool: Metaspace (Non-heap memory): committed=32.38 MB, used=31.38 MB, max=-1.00 B, threshold=0.00 B
2019-01-28 13:47:04.308+0000 INFO [o.n.i.d.DiagnosticsManager] Memory Pool: Compressed Class Space (Non-heap memory): committed=3.88 MB, used=3.66 MB, max=1.00 GB, threshold=0.00 B
2019-01-28 13:47:04.308+0000 INFO [o.n.i.d.DiagnosticsManager] Memory Pool: PS Eden Space (Heap memory): committed=125.00 MB, used=106.14 MB, max=1.26 GB, threshold=?
2019-01-28 13:47:04.308+0000 INFO [o.n.i.d.DiagnosticsManager] Memory Pool: PS Survivor Space (Heap memory): committed=10.00 MB, used=0.00 B, max=10.00 MB, threshold=?
2019-01-28 13:47:04.308+0000 INFO [o.n.i.d.DiagnosticsManager] Memory Pool: PS Old Gen (Heap memory): committed=126.50 MB, used=18.15 MB, max=2.56 GB, threshold=0.00 B
2019-01-28 13:47:04.308+0000 INFO [o.n.i.d.DiagnosticsManager] Operating system information:
2019-01-28 13:47:04.308+0000 INFO [o.n.i.d.DiagnosticsManager] Operating System: Windows 7; version: 6.1; arch: amd64; cpus: 8
2019-01-28 13:47:04.308+0000 INFO [o.n.i.d.DiagnosticsManager] Process id: 1084@CE26703
2019-01-28 13:47:04.308+0000 INFO [o.n.i.d.DiagnosticsManager] Byte order: LITTLE_ENDIAN
2019-01-28 13:47:04.308+0000 INFO [o.n.i.d.DiagnosticsManager] Local timezone: Europe/Berlin
2019-01-28 13:47:04.308+0000 INFO [o.n.i.d.DiagnosticsManager] JVM information:
2019-01-28 13:47:04.308+0000 INFO [o.n.i.d.DiagnosticsManager] VM Name: Java HotSpot(TM) 64-Bit Server VM
2019-01-28 13:47:04.308+0000 INFO [o.n.i.d.DiagnosticsManager] VM Vendor: Oracle Corporation
2019-01-28 13:47:04.308+0000 INFO [o.n.i.d.DiagnosticsManager] VM Version: 25.172-b11
2019-01-28 13:47:04.308+0000 INFO [o.n.i.d.DiagnosticsManager] JIT compiler: HotSpot 64-Bit Tiered Compilers
2019-01-28 13:47:04.308+0000 INFO [o.n.i.d.DiagnosticsManager] VM Arguments: [-agentlib:jdwp=transport=dt_socket,suspend=y,address=localhost:62007, -Dfile.encoding=UTF-8]
2019-01-28 13:47:04.308+0000 INFO [o.n.i.d.DiagnosticsManager] Java classpath:
2019-01-28 13:47:04.589+0000 INFO [o.n.i.d.DiagnosticsManager]  [bootstrap] C:\Projects\Devon-dist_2.4.0\software\java\jre\lib\sunrsasign.jar
2019-01-28 13:47:04.589+0000 INFO [o.n.i.d.DiagnosticsManager]  [classpath + loader.0] file:/C:/Projects/Devon-dist_2.4.0/conf/.m2/repository/org/neo4j/neo4j-common/3.5.1/neo4j-common-3.5.1.jar
2019-01-28 13:47:04.589+0000 INFO [o.n.i.d.DiagnosticsManager]  [classpath + loader.0] file:/C:/Projects/Devon-dist_2.4.0/conf/.m2/repository/org/neo4j/neo4j-udc/3.5.1/neo4j-udc-3.5.1.jar
2019-01-28 13:47:04.589+0000 INFO [o.n.i.d.DiagnosticsManager]  [classpath + loader.0] file:/C:/Projects/Devon-dist_2.4.0/conf/.m2/repository/org/apache/poi/poi/3.9/poi-3.9.jar
2019-01-28 13:47:04.589+0000 INFO [o.n.i.d.DiagnosticsManager]  [classpath + loader.0] file:/C:/Projects/Devon-dist_2.4.0/conf/.m2/repository/org/neo4j/neo4j-fulltext-index/3.5.1/neo4j-fulltext-index-3.5.1.jar
2019-01-28 13:47:04.589+0000 INFO [o.n.i.d.DiagnosticsManager]  [loader.1] file:/C:/Projects/Devon-dist_2.4.0/software/java/jre/lib/ext/cldrdata.jar
2019-01-28 13:47:04.589+0000 INFO [o.n.i.d.DiagnosticsManager]  [classpath + loader.0] file:/C:/Projects/Devon-dist_2.4.0/conf/.m2/repository/org/neo4j/neo4j-bolt/3.5.1/neo4j-bolt-3.5.1.jar
2019-01-28 13:47:04.589+0000 INFO [o.n.i.d.DiagnosticsManager]  [classpath + loader.0] file:/C:/Projects/Devon-dist_2.4.0/conf/.m2/repository/org/neo4j/neo4j-cypher-ir-3.4/3.4.10/neo4j-cypher-ir-3.4-3.4.10.jar
2019-01-28 13:47:04.589+0000 INFO [o.n.i.d.DiagnosticsManager]  [classpath + loader.0] file:/C:/Projects/Devon-dist_2.4.0/conf/.m2/repository/org/apache/lucene/lucene-queryparser/5.5.5/lucene-queryparser-5.5.5.jar
2019-01-28 13:47:04.589+0000 INFO [o.n.i.d.DiagnosticsManager]  [classpath + loader.0] file:/C:/Projects/Devon-dist_2.4.0/conf/.m2/repository/org/neo4j/openCypher-frontend-1/3.4.10/openCypher-frontend-1-3.4.10.jar
2019-01-28 13:47:04.589+0000 INFO [o.n.i.d.DiagnosticsManager]  [bootstrap + classpath + loader.0] file:/C:/Projects/Devon-dist_2.4.0/software/java/jre/lib/resources.jar
2019-01-28 13:47:04.589+0000 INFO [o.n.i.d.DiagnosticsManager]  [classpath + loader.0] file:/C:/Projects/Devon-dist_2.4.0/conf/.m2/repository/org/neo4j/neo4j-concurrent/3.5.1/neo4j-concurrent-3.5.1.jar
2019-01-28 13:47:04.589+0000 INFO [o.n.i.d.DiagnosticsManager]  [classpath + loader.0] file:/C:/Projects/Devon-dist_2.4.0/conf/.m2/repository/org/neo4j/neo4j-legacy/3.5.1/neo4j-legacy-3.5.1.jar
2019-01-28 13:47:04.589+0000 INFO [o.n.i.d.DiagnosticsManager]  [classpath + loader.0] file:/C:/Projects/Devon-dist_2.4.0/conf/.m2/repository/org/ow2/asm/asm-analysis/6.2/asm-analysis-6.2.jar
2019-01-28 13:47:04.589+0000 INFO [o.n.i.d.DiagnosticsManager]  [classpath + loader.0] file:/C:/Projects/Devon-dist_2.4.0/conf/.m2/repository/org/neo4j/neo4j-cypher-logical-plans-3.5/3.5.1/neo4j-cypher-logical-plans-3.5-3.5.1.jar
2019-01-28 13:47:04.589+0000 INFO [o.n.i.d.DiagnosticsManager]  [classpath + loader.0] file:/C:/Projects/Devon-dist_2.4.0/conf/.m2/repository/org/neo4j/neo4j-cypher-planner-3.4/3.4.10/neo4j-cypher-planner-3.4-3.4.10.jar
2019-01-28 13:47:04.589+0000 INFO [o.n.i.d.DiagnosticsManager]  [classpath + loader.0] file:/C:/Projects/Devon-dist_2.4.0/conf/.m2/repository/org/neo4j/neo4j-collections/3.5.1/neo4j-collections-3.5.1.jar
2019-01-28 13:47:04.589+0000 INFO [o.n.i.d.DiagnosticsManager]  [classpath + loader.0] file:/C:/Projects/Devon-dist_2.4.0/conf/.m2/repository/org/neo4j/neo4j/3.5.1/neo4j-3.5.1.jar
2019-01-28 13:47:04.589+0000 INFO [o.n.i.d.DiagnosticsManager]  [classpath + loader.0] file:/C:/Projects/Devon-dist_2.4.0/conf/.m2/repository/org/neo4j/neo4j-cypher-ir-3.5/3.5.1/neo4j-cypher-ir-3.5-3.5.1.jar
2019-01-28 13:47:04.589+0000 INFO [o.n.i.d.DiagnosticsManager]  [classpath + loader.0] file:/C:/Projects/Devon-dist_2.4.0/conf/.m2/repository/org/neo4j/neo4j-util-3.5/3.5.1/neo4j-util-3.5-3.5.1.jar
2019-01-28 13:47:04.589+0000 INFO [o.n.i.d.DiagnosticsManager]  [classpath + loader.0] file:/C:/Projects/Devon-dist_2.4.0/conf/.m2/repository/javax/javaee-api/7.0/javaee-api-7.0.jar
2019-01-28 13:47:04.604+0000 INFO [o.n.i.d.DiagnosticsManager]  [classpath + loader.0] file:/C:/Projects/Devon-dist_2.4.0/conf/.m2/repository/org/neo4j/neo4j-cypher-logical-plans-3.4/3.4.10/neo4j-cypher-logical-plans-3.4-3.4.10.jar
2019-01-28 13:47:04.604+0000 INFO [o.n.i.d.DiagnosticsManager]  [classpath + loader.0] file:/C:/Projects/Devon-dist_2.4.0/conf/.m2/repository/org/neo4j/neo4j-diagnostics/3.5.1/neo4j-diagnostics-3.5.1.jar
2019-01-28 13:47:04.604+0000 INFO [o.n.i.d.DiagnosticsManager]  [classpath + loader.0] file:/C:/Projects/Devon-dist_2.4.0/conf/.m2/repository/org/neo4j/neo4j-kernel/3.5.1/neo4j-kernel-3.5.1.jar
2019-01-28 13:47:04.604+0000 INFO [o.n.i.d.DiagnosticsManager]  [classpath + loader.0] file:/C:/Projects/Devon-dist_2.4.0/conf/.m2/repository/org/neo4j/neo4j-cypher-expression-3.4/3.4.10/neo4j-cypher-expression-3.4-3.4.10.jar
2019-01-28 13:47:04.604+0000 INFO [o.n.i.d.DiagnosticsManager]  [classpath + loader.0] file:/C:/Projects/Devon-dist_2.4.0/conf/.m2/repository/org/neo4j/neo4j-cypher-planner-spi-3.4/3.4.10/neo4j-cypher-planner-spi-3.4-3.4.10.jar
2019-01-28 13:47:04.604+0000 INFO [o.n.i.d.DiagnosticsManager]  [classpath + loader.0] file:/C:/Projects/Devon-dist_2.4.0/conf/.m2/repository/org/neo4j/neo4j-import-tool/3.5.1/neo4j-import-tool-3.5.1.jar
2019-01-28 13:47:04.604+0000 INFO [o.n.i.d.DiagnosticsManager]  [classpath + loader.0] file:/C:/Projects/Devon-dist_2.4.0/conf/.m2/repository/com/jcraft/jsch.agentproxy.svnkit-trilead-ssh2/0.0.7/jsch.agentproxy.svnkit-trilead-ssh2-0.0.7.jar
2019-01-28 13:47:04.604+0000 INFO [o.n.i.d.DiagnosticsManager]  [classpath + loader.0] file:/C:/Projects/Devon-dist_2.4.0/conf/.m2/repository/org/eclipse/collections/eclipse-collections/9.2.0/eclipse-collections-9.2.0.jar
2019-01-28 13:47:04.604+0000 INFO [o.n.i.d.DiagnosticsManager]  [bootstrap + classpath + loader.0] file:/C:/Projects/Devon-dist_2.4.0/software/java/jre/lib/charsets.jar
2019-01-28 13:47:04.604+0000 INFO [o.n.i.d.DiagnosticsManager]  [classpath + loader.0] file:/C:/Projects/Devon-dist_2.4.0/conf/.m2/repository/log4j/log4j/1.2.17/log4j-1.2.17.jar
2019-01-28 13:47:04.604+0000 INFO [o.n.i.d.DiagnosticsManager]  [loader.1] file:/C:/Projects/Devon-dist_2.4.0/software/java/jre/lib/ext/jfxrt.jar
2019-01-28 13:47:04.604+0000 INFO [o.n.i.d.DiagnosticsManager]  [classpath + loader.0] file:/C:/Projects/Devon-dist_2.4.0/conf/.m2/repository/net/sf/opencsv/opencsv/2.3/opencsv-2.3.jar
2019-01-28 13:47:04.604+0000 INFO [o.n.i.d.DiagnosticsManager]  [classpath + loader.0] file:/C:/Projects/Devon-dist_2.4.0/conf/.m2/repository/org/neo4j/neo4j-ast-3.5/3.5.1/neo4j-ast-3.5-3.5.1.jar
2019-01-28 13:47:04.604+0000 INFO [o.n.i.d.DiagnosticsManager]  [bootstrap + classpath + loader.0] file:/C:/Projects/Devon-dist_2.4.0/software/java/jre/lib/jce.jar
2019-01-28 13:47:04.604+0000 INFO [o.n.i.d.DiagnosticsManager]  [classpath + loader.0] file:/C:/Projects/Devon-dist_2.4.0/conf/.m2/repository/org/parboiled/parboiled-core/1.1.7/parboiled-core-1.1.7.jar
2019-01-28 13:47:04.604+0000 INFO [o.n.i.d.DiagnosticsManager]  [loader.1] file:/C:/Projects/Devon-dist_2.4.0/software/java/jre/lib/ext/jaccess.jar
2019-01-28 13:47:04.604+0000 INFO [o.n.i.d.DiagnosticsManager]  [classpath + loader.0] file:/C:/Projects/Devon-dist_2.4.0/conf/.m2/repository/org/neo4j/neo4j-consistency-check/3.5.1/neo4j-consistency-check-3.5.1.jar
2019-01-28 13:47:04.604+0000 INFO [o.n.i.d.DiagnosticsManager]  [classpath + loader.0] file:/C:/Projects/Devon-dist_2.4.0/conf/.m2/repository/org/apache/lucene/lucene-analyzers-common/5.5.5/lucene-analyzers-common-5.5.5.jar
2019-01-28 13:47:04.604+0000 INFO [o.n.i.d.DiagnosticsManager]  [classpath + loader.0] file:/C:/Projects/Devon-dist_2.4.0/conf/.m2/repository/org/neo4j/neo4j-index/3.5.1/neo4j-index-3.5.1.jar
2019-01-28 13:47:04.604+0000 INFO [o.n.i.d.DiagnosticsManager]  [classpath + loader.0] file:/C:/Projects/Devon-dist_2.4.0/conf/.m2/repository/com/sun/mail/javax.mail/1.5.0/javax.mail-1.5.0.jar
2019-01-28 13:47:04.604+0000 INFO [o.n.i.d.DiagnosticsManager]  [classpath + loader.0] file:/C:/Projects/Devon-dist_2.4.0/conf/.m2/repository/com/trilead/trilead-ssh2/1.0.0-build220/trilead-ssh2-1.0.0-build220.jar
2019-01-28 13:47:04.604+0000 INFO [o.n.i.d.DiagnosticsManager]  [classpath + loader.0] file:/C:/Projects/Devon-dist_2.4.0/conf/.m2/repository/org/neo4j/neo4j-logging/3.5.1/neo4j-logging-3.5.1.jar
2019-01-28 13:47:04.604+0000 INFO [o.n.i.d.DiagnosticsManager]  [loader.1] file:/C:/Projects/Devon-dist_2.4.0/software/java/jre/lib/ext/zipfs.jar
2019-01-28 13:47:04.604+0000 INFO [o.n.i.d.DiagnosticsManager]  [loader.1] file:/C:/Projects/Devon-dist_2.4.0/software/java/jre/lib/ext/sunmscapi.jar
2019-01-28 13:47:04.604+0000 INFO [o.n.i.d.DiagnosticsManager]  [classpath + loader.0] file:/C:/Projects/Devon-dist_2.4.0/conf/.m2/repository/org/neo4j/neo4j-jmx/3.5.1/neo4j-jmx-3.5.1.jar
2019-01-28 13:47:04.604+0000 INFO [o.n.i.d.DiagnosticsManager]  [classpath + loader.0] file:/C:/Projects/Devon-dist_2.4.0/conf/.m2/repository/com/github/ben-manes/caffeine/caffeine/2.3.3/caffeine-2.3.3.jar
2019-01-28 13:47:04.604+0000 INFO [o.n.i.d.DiagnosticsManager]  [bootstrap + classpath + loader.0] file:/C:/Projects/Devon-dist_2.4.0/software/java/jre/lib/jsse.jar
2019-01-28 13:47:04.604+0000 INFO [o.n.i.d.DiagnosticsManager]  [loader.1] file:/C:/Projects/Devon-dist_2.4.0/software/java/jre/lib/ext/nashorn.jar
2019-01-28 13:47:04.604+0000 INFO [o.n.i.d.DiagnosticsManager]  [classpath + loader.0] file:/C:/Projects/Devon-dist_2.4.0/conf/.m2/repository/org/tmatesoft/svnkit/svnkit/1.8.12/svnkit-1.8.12.jar
2019-01-28 13:47:04.604+0000 INFO [o.n.i.d.DiagnosticsManager]  [classpath + loader.0] file:/C:/Projects/Devon-dist_2.4.0/conf/.m2/repository/org/apache/poi/poi-ooxml/3.9/poi-ooxml-3.9.jar
2019-01-28 13:47:04.604+0000 INFO [o.n.i.d.DiagnosticsManager]  [classpath + loader.0] file:/C:/Projects/Devon-dist_2.4.0/conf/.m2/repository/com/jcraft/jsch.agentproxy.core/0.0.7/jsch.agentproxy.core-0.0.7.jar
2019-01-28 13:47:04.604+0000 INFO [o.n.i.d.DiagnosticsManager]  [loader.1] file:/C:/Projects/Devon-dist_2.4.0/software/java/jre/lib/ext/access-bridge-64.jar
2019-01-28 13:47:04.604+0000 INFO [o.n.i.d.DiagnosticsManager]  [classpath + loader.0] file:/C:/Projects/Devon-dist_2.4.0/conf/.m2/repository/org/neo4j/neo4j-kernel-api/3.5.1/neo4j-kernel-api-3.5.1.jar
2019-01-28 13:47:04.604+0000 INFO [o.n.i.d.DiagnosticsManager]  [classpath + loader.0] file:/C:/Projects/Devon-dist_2.4.0/conf/.m2/repository/org/neo4j/neo4j-cypher-planner-3.5/3.5.1/neo4j-cypher-planner-3.5-3.5.1.jar
2019-01-28 13:47:04.604+0000 INFO [o.n.i.d.DiagnosticsManager]  [classpath + loader.0] file:/C:/Projects/Devon-dist_2.4.0/conf/.m2/repository/org/apache/xmlbeans/xmlbeans/2.3.0/xmlbeans-2.3.0.jar
2019-01-28 13:47:04.604+0000 INFO [o.n.i.d.DiagnosticsManager]  [classpath + loader.0] file:/C:/Projects/Devon-dist_2.4.0/conf/.m2/repository/org/ow2/asm/asm-util/6.2/asm-util-6.2.jar
2019-01-28 13:47:04.604+0000 INFO [o.n.i.d.DiagnosticsManager]  [classpath + loader.0] file:/C:/Projects/Devon-dist_2.4.0/conf/.m2/repository/org/bouncycastle/bcpkix-jdk15on/1.60/bcpkix-jdk15on-1.60.jar
2019-01-28 13:47:04.604+0000 INFO [o.n.i.d.DiagnosticsManager]  [classpath + loader.0] file:/C:/Projects/Devon-dist_2.4.0/conf/.m2/repository/com/jcraft/jsch.agentproxy.usocket-jna/0.0.7/jsch.agentproxy.usocket-jna-0.0.7.jar
2019-01-28 13:47:04.604+0000 INFO [o.n.i.d.DiagnosticsManager]  [classpath + loader.0] file:/C:/Projects/Devon-dist_2.4.0/conf/.m2/repository/de/regnis/q/sequence/sequence-library/1.0.3/sequence-library-1.0.3.jar
2019-01-28 13:47:04.604+0000 INFO [o.n.i.d.DiagnosticsManager]  [classpath + loader.0] file:/C:/Projects/Devon-dist_2.4.0/conf/.m2/repository/org/neo4j/neo4j-cypher-compiler-2.3/2.3.12/neo4j-cypher-compiler-2.3-2.3.12.jar
2019-01-28 13:47:04.604+0000 INFO [o.n.i.d.DiagnosticsManager]  [classpath + loader.0] file:/C:/Projects/Devon-dist_2.4.0/conf/.m2/repository/org/neo4j/neo4j-front-end-3.5/3.5.1/neo4j-front-end-3.5-3.5.1.jar
2019-01-28 13:47:04.604+0000 INFO [o.n.i.d.DiagnosticsManager]  [loader.1] file:/C:/Projects/Devon-dist_2.4.0/software/java/jre/lib/ext/dnsns.jar
2019-01-28 13:47:04.604+0000 INFO [o.n.i.d.DiagnosticsManager]  [classpath + loader.0] file:/C:/Projects/Devon-dist_2.4.0/conf/.m2/repository/org/jprocesses/jProcesses/1.6.4/jProcesses-1.6.4.jar
2019-01-28 13:47:04.604+0000 INFO [o.n.i.d.DiagnosticsManager]  [classpath + loader.0] file:/C:/Projects/Devon-dist_2.4.0/conf/.m2/repository/xml-apis/xml-apis/1.0.b2/xml-apis-1.0.b2.jar
2019-01-28 13:47:04.604+0000 INFO [o.n.i.d.DiagnosticsManager]  [classpath + loader.0] file:/C:/Projects/Devon-dist_2.4.0/conf/.m2/repository/org/apache/poi/poi-ooxml-schemas/3.9/poi-ooxml-schemas-3.9.jar
2019-01-28 13:47:04.604+0000 INFO [o.n.i.d.DiagnosticsManager]  [classpath + loader.0] file:/C:/Projects/Devon-dist_2.4.0/conf/.m2/repository/com/jcraft/jsch.agentproxy.connector-factory/0.0.7/jsch.agentproxy.connector-factory-0.0.7.jar
2019-01-28 13:47:04.604+0000 INFO [o.n.i.d.DiagnosticsManager]  [classpath + loader.0] file:/C:/Projects/Devon-dist_2.4.0/software/java/lib/tools.jar
2019-01-28 13:47:04.604+0000 INFO [o.n.i.d.DiagnosticsManager]  [classpath + loader.0] file:/C:/Projects/Devon-dist_2.4.0/conf/.m2/repository/commons-codec/commons-codec/1.5/commons-codec-1.5.jar
2019-01-28 13:47:04.604+0000 INFO [o.n.i.d.DiagnosticsManager]  [bootstrap + classpath + loader.0] file:/C:/Projects/Devon-dist_2.4.0/software/java/jre/lib/rt.jar
2019-01-28 13:47:04.604+0000 INFO [o.n.i.d.DiagnosticsManager]  [bootstrap + classpath + loader.0] file:/C:/Projects/Devon-dist_2.4.0/software/java/jre/lib/jfr.jar
2019-01-28 13:47:04.604+0000 INFO [o.n.i.d.DiagnosticsManager]  [classpath + loader.0] file:/C:/Projects/Devon-dist_2.4.0/conf/.m2/repository/org/apache/commons/commons-compress/1.18/commons-compress-1.18.jar
2019-01-28 13:47:04.604+0000 INFO [o.n.i.d.DiagnosticsManager]  [classpath + loader.0] file:/C:/Projects/Devon-dist_2.4.0/conf/.m2/repository/org/neo4j/neo4j-cypher-util-3.4/3.4.10/neo4j-cypher-util-3.4-3.4.10.jar
2019-01-28 13:47:04.604+0000 INFO [o.n.i.d.DiagnosticsManager]  [loader.1] file:/C:/Projects/Devon-dist_2.4.0/software/java/jre/lib/ext/sunjce_provider.jar
2019-01-28 13:47:04.604+0000 INFO [o.n.i.d.DiagnosticsManager]  [classpath + loader.0] file:/C:/Projects/Devon-dist_2.4.0/conf/.m2/repository/org/apache/commons/commons-lang3/3.8.1/commons-lang3-3.8.1.jar
2019-01-28 13:47:04.604+0000 INFO [o.n.i.d.DiagnosticsManager]  [classpath + loader.0] file:/C:/Projects/Devon-dist_2.4.0/conf/.m2/repository/net/java/dev/jna/platform/3.4.0/platform-3.4.0.jar
2019-01-28 13:47:04.604+0000 INFO [o.n.i.d.DiagnosticsManager]  [classpath + loader.0] file:/C:/Projects/Devon-dist_2.4.0/conf/.m2/repository/org/neo4j/neo4j-cypher-frontend-2.3/2.3.12/neo4j-cypher-frontend-2.3-2.3.12.jar
2019-01-28 13:47:04.604+0000 INFO [o.n.i.d.DiagnosticsManager]  [classpath + loader.0] file:/C:/Projects/Devon-dist_2.4.0/conf/.m2/repository/org/parboiled/parboiled-scala_2.11/1.1.7/parboiled-scala_2.11-1.1.7.jar
2019-01-28 13:47:04.604+0000 INFO [o.n.i.d.DiagnosticsManager]  [classpath + loader.0] file:/C:/Projects/Devon-dist_2.4.0/conf/.m2/repository/javax/xml/jaxp-api/1.4/jaxp-api-1.4.jar
2019-01-28 13:47:04.604+0000 INFO [o.n.i.d.DiagnosticsManager]  [classpath + loader.0] file:/C:/Projects/Devon-dist_2.4.0/conf/.m2/repository/org/neo4j/neo4j-graph-algo/3.5.1/neo4j-graph-algo-3.5.1.jar
2019-01-28 13:47:04.604+0000 INFO [o.n.i.d.DiagnosticsManager]  [classpath + loader.0] file:/C:/Projects/Devon-dist_2.4.0/conf/.m2/repository/org/eclipse/collections/eclipse-collections-api/9.2.0/eclipse-collections-api-9.2.0.jar
2019-01-28 13:47:04.604+0000 INFO [o.n.i.d.DiagnosticsManager]  [classpath + loader.0] file:/C:/Projects/Devon-dist_2.4.0/conf/.m2/repository/org/neo4j/neo4j-codegen/3.5.1/neo4j-codegen-3.5.1.jar
2019-01-28 13:47:04.604+0000 INFO [o.n.i.d.DiagnosticsManager]  [classpath + loader.0] file:/C:/Projects/Devon-dist_2.4.0/conf/.m2/repository/org/ow2/asm/asm-tree/6.2/asm-tree-6.2.jar
2019-01-28 13:47:04.604+0000 INFO [o.n.i.d.DiagnosticsManager]  [classpath + loader.0] file:/C:/Projects/Devon-dist_2.4.0/conf/.m2/repository/org/neo4j/neo4j-cypher-frontend-3.1/3.1.9/neo4j-cypher-frontend-3.1-3.1.9.jar
2019-01-28 13:47:04.604+0000 INFO [o.n.i.d.DiagnosticsManager]  [classpath + loader.0] file:/C:/Projects/Devon-dist_2.4.0/conf/.m2/repository/com/jcraft/jsch.agentproxy.sshagent/0.0.7/jsch.agentproxy.sshagent-0.0.7.jar
2019-01-28 13:47:04.604+0000 INFO [o.n.i.d.DiagnosticsManager]  [classpath + loader.0] file:/C:/Projects/Devon-dist_2.4.0/conf/.m2/repository/org/scala-lang/scala-library/2.11.12/scala-library-2.11.12.jar
2019-01-28 13:47:04.604+0000 INFO [o.n.i.d.DiagnosticsManager]  [classpath + loader.0] file:/C:/Projects/Devon-dist_2.4.0/conf/.m2/repository/org/neo4j/neo4j-cypher-interpreted-runtime/3.5.1/neo4j-cypher-interpreted-runtime-3.5.1.jar
2019-01-28 13:47:04.604+0000 INFO [o.n.i.d.DiagnosticsManager]  [classpath + loader.0] file:/C:/Projects/Devon-dist_2.4.0/conf/.m2/repository/org/ow2/asm/asm/6.2/asm-6.2.jar
2019-01-28 13:47:04.604+0000 INFO [o.n.i.d.DiagnosticsManager]  [classpath + loader.0] file:/C:/Projects/Devon-dist_2.4.0/conf/.m2/repository/com/googlecode/concurrentlinkedhashmap/concurrentlinkedhashmap-lru/1.4.2/concurrentlinkedhashmap-lru-1.4.2.jar
2019-01-28 13:47:04.604+0000 INFO [o.n.i.d.DiagnosticsManager]  [classpath + loader.0] file:/C:/Projects/Devon-dist_2.4.0/conf/.m2/repository/org/tmatesoft/sqljet/sqljet/1.1.10/sqljet-1.1.10.jar
2019-01-28 13:47:04.604+0000 INFO [o.n.i.d.DiagnosticsManager]  [loader.1] file:/C:/Projects/Devon-dist_2.4.0/software/java/jre/lib/ext/sunec.jar
2019-01-28 13:47:04.604+0000 INFO [o.n.i.d.DiagnosticsManager]  [classpath + loader.0] file:/C:/Projects/Devon-dist_2.4.0/conf/.m2/repository/net/java/dev/jna/jna-platform/4.1.0/jna-platform-4.1.0.jar
2019-01-28 13:47:04.604+0000 INFO [o.n.i.d.DiagnosticsManager]  [classpath + loader.0] file:/C:/Projects/Devon-dist_2.4.0/conf/.m2/repository/javax/activation/activation/1.1/activation-1.1.jar
2019-01-28 13:47:04.604+0000 INFO [o.n.i.d.DiagnosticsManager]  [loader.1] file:/C:/Projects/Devon-dist_2.4.0/software/java/jre/lib/ext/localedata.jar
2019-01-28 13:47:04.604+0000 INFO [o.n.i.d.DiagnosticsManager]  [classpath + loader.0] file:/C:/Projects/Devon-dist_2.4.0/conf/.m2/repository/org/neo4j/neo4j-spatial-index/3.5.1/neo4j-spatial-index-3.5.1.jar
2019-01-28 13:47:04.604+0000 INFO [o.n.i.d.DiagnosticsManager]  [classpath + loader.0] file:/C:/Projects/Devon-dist_2.4.0/conf/.m2/repository/org/neo4j/neo4j-dbms/3.5.1/neo4j-dbms-3.5.1.jar
2019-01-28 13:47:04.604+0000 INFO [o.n.i.d.DiagnosticsManager]  [loader.1] file:/C:/Projects/Devon-dist_2.4.0/software/java/jre/lib/ext/sunpkcs11.jar
2019-01-28 13:47:04.604+0000 INFO [o.n.i.d.DiagnosticsManager]  [classpath + loader.0] file:/C:/Projects/Devon-dist_2.4.0/conf/.m2/repository/net/java/dev/jna/jna/4.1.0/jna-4.1.0.jar
2019-01-28 13:47:04.604+0000 INFO [o.n.i.d.DiagnosticsManager]  [classpath + loader.0] file:/C:/Projects/Devon-dist_2.4.0/conf/.m2/repository/org/neo4j/neo4j-expressions-3.5/3.5.1/neo4j-expressions-3.5-3.5.1.jar
2019-01-28 13:47:04.604+0000 INFO [o.n.i.d.DiagnosticsManager]  [classpath + loader.0] file:/C:/Projects/Devon-dist_2.4.0/conf/.m2/repository/org/apache/commons/commons-text/1.4/commons-text-1.4.jar
2019-01-28 13:47:04.604+0000 INFO [o.n.i.d.DiagnosticsManager]  [classpath + loader.0] file:/C:/Projects/Devon-dist_2.4.0/conf/.m2/repository/org/bouncycastle/bcprov-jdk15on/1.60/bcprov-jdk15on-1.60.jar
2019-01-28 13:47:04.604+0000 INFO [o.n.i.d.DiagnosticsManager]  [classpath + loader.0] file:/C:/Projects/Devon-dist_2.4.0/conf/.m2/repository/org/neo4j/neo4j-unsafe/3.5.1/neo4j-unsafe-3.5.1.jar
2019-01-28 13:47:04.604+0000 INFO [o.n.i.d.DiagnosticsManager]  [classpath + loader.0] file:/C:/Projects/Devon-dist_2.4.0/workspaces/main/readData/target/classes/
2019-01-28 13:47:04.604+0000 INFO [o.n.i.d.DiagnosticsManager]  [classpath + loader.0] file:/C:/Projects/Devon-dist_2.4.0/conf/.m2/repository/org/apache/lucene/lucene-codecs/5.5.5/lucene-codecs-5.5.5.jar
2019-01-28 13:47:04.604+0000 INFO [o.n.i.d.DiagnosticsManager]  [classpath + loader.0] file:/C:/Projects/Devon-dist_2.4.0/conf/.m2/repository/org/neo4j/neo4j-rewriting-3.5/3.5.1/neo4j-rewriting-3.5-3.5.1.jar
2019-01-28 13:47:04.604+0000 INFO [o.n.i.d.DiagnosticsManager]  [classpath + loader.0] file:/C:/Projects/Devon-dist_2.4.0/conf/.m2/repository/org/apache/lucene/lucene-core/5.5.5/lucene-core-5.5.5.jar
2019-01-28 13:47:04.604+0000 INFO [o.n.i.d.DiagnosticsManager]  [classpath + loader.0] file:/C:/Projects/Devon-dist_2.4.0/conf/.m2/repository/stax/stax-api/1.0.1/stax-api-1.0.1.jar
2019-01-28 13:47:04.604+0000 INFO [o.n.i.d.DiagnosticsManager]  [classpath + loader.0] file:/C:/Projects/Devon-dist_2.4.0/conf/.m2/repository/dom4j/dom4j/1.6.1/dom4j-1.6.1.jar
2019-01-28 13:47:04.604+0000 INFO [o.n.i.d.DiagnosticsManager]  [classpath + loader.0] file:/C:/Projects/Devon-dist_2.4.0/conf/.m2/repository/org/neo4j/neo4j-values/3.5.1/neo4j-values-3.5.1.jar
2019-01-28 13:47:04.604+0000 INFO [o.n.i.d.DiagnosticsManager]  [classpath + loader.0] file:/C:/Projects/Devon-dist_2.4.0/conf/.m2/repository/com/profesorfalken/jPowerShell/1.9/jPowerShell-1.9.jar
2019-01-28 13:47:04.604+0000 INFO [o.n.i.d.DiagnosticsManager]  [classpath + loader.0] file:/C:/Projects/Devon-dist_2.4.0/conf/.m2/repository/org/codehaus/plexus/plexus-utils/3.1.0/plexus-utils-3.1.0.jar
2019-01-28 13:47:04.604+0000 INFO [o.n.i.d.DiagnosticsManager]  [classpath + loader.0] file:/C:/Projects/Devon-dist_2.4.0/conf/.m2/repository/org/neo4j/neo4j-io/3.5.1/neo4j-io-3.5.1.jar
2019-01-28 13:47:04.604+0000 INFO [o.n.i.d.DiagnosticsManager]  [classpath + loader.0] file:/C:/Projects/Devon-dist_2.4.0/conf/.m2/repository/org/neo4j/neo4j-procedure-api/3.5.1/neo4j-procedure-api-3.5.1.jar
2019-01-28 13:47:04.604+0000 INFO [o.n.i.d.DiagnosticsManager]  [classpath + loader.0] file:/C:/Projects/Devon-dist_2.4.0/conf/.m2/repository/org/neo4j/neo4j-command-line/3.5.1/neo4j-command-line-3.5.1.jar
2019-01-28 13:47:04.604+0000 INFO [o.n.i.d.DiagnosticsManager]  [classpath + loader.0] file:/C:/Projects/Devon-dist_2.4.0/conf/.m2/repository/org/neo4j/neo4j-configuration/3.5.1/neo4j-configuration-3.5.1.jar
2019-01-28 13:47:04.604+0000 INFO [o.n.i.d.DiagnosticsManager]  [classpath + loader.0] file:/C:/Projects/Devon-dist_2.4.0/conf/.m2/repository/org/neo4j/neo4j-cypher-compiler-3.1/3.1.9/neo4j-cypher-compiler-3.1-3.1.9.jar
2019-01-28 13:47:04.604+0000 INFO [o.n.i.d.DiagnosticsManager]  [classpath + loader.0] file:/C:/Projects/Devon-dist_2.4.0/conf/.m2/repository/org/neo4j/neo4j-resource/3.5.1/neo4j-resource-3.5.1.jar
2019-01-28 13:47:04.604+0000 INFO [o.n.i.d.DiagnosticsManager]  [classpath + loader.0] file:/C:/Projects/Devon-dist_2.4.0/conf/.m2/repository/org/neo4j/neo4j-csv/3.5.1/neo4j-csv-3.5.1.jar
2019-01-28 13:47:04.604+0000 INFO [o.n.i.d.DiagnosticsManager]  [classpath + loader.0] file:/C:/Projects/Devon-dist_2.4.0/conf/.m2/repository/org/neo4j/neo4j-parser-3.5/3.5.1/neo4j-parser-3.5-3.5.1.jar
2019-01-28 13:47:04.604+0000 INFO [o.n.i.d.DiagnosticsManager]  [classpath + loader.0] file:/C:/Projects/Devon-dist_2.4.0/conf/.m2/repository/javax/ejb/ejb-api/3.0/ejb-api-3.0.jar
2019-01-28 13:47:04.604+0000 INFO [o.n.i.d.DiagnosticsManager]  [classpath + loader.0] file:/C:/Projects/Devon-dist_2.4.0/conf/.m2/repository/org/antlr/antlr-runtime/3.4/antlr-runtime-3.4.jar
2019-01-28 13:47:04.604+0000 INFO [o.n.i.d.DiagnosticsManager]  [classpath + loader.0] file:/C:/Projects/Devon-dist_2.4.0/conf/.m2/repository/org/neo4j/neo4j-lucene-index/3.5.1/neo4j-lucene-index-3.5.1.jar
2019-01-28 13:47:04.604+0000 INFO [o.n.i.d.DiagnosticsManager]  [classpath + loader.0] file:/C:/Projects/Devon-dist_2.4.0/conf/.m2/repository/org/neo4j/neo4j-data-collector/3.5.1/neo4j-data-collector-3.5.1.jar
2019-01-28 13:47:04.604+0000 INFO [o.n.i.d.DiagnosticsManager]  [classpath + loader.0] file:/C:/Projects/Devon-dist_2.4.0/conf/.m2/repository/com/jcraft/jsch.agentproxy.pageant/0.0.7/jsch.agentproxy.pageant-0.0.7.jar
2019-01-28 13:47:04.604+0000 INFO [o.n.i.d.DiagnosticsManager]  [classpath + loader.0] file:/C:/Projects/Devon-dist_2.4.0/conf/.m2/repository/com/profesorfalken/WMI4Java/1.6.1/WMI4Java-1.6.1.jar
2019-01-28 13:47:04.604+0000 INFO [o.n.i.d.DiagnosticsManager]  [classpath + loader.0] file:/C:/Projects/Devon-dist_2.4.0/conf/.m2/repository/com/jcraft/jsch.agentproxy.usocket-nc/0.0.7/jsch.agentproxy.usocket-nc-0.0.7.jar
2019-01-28 13:47:04.604+0000 INFO [o.n.i.d.DiagnosticsManager]  [classpath + loader.0] file:/C:/Projects/Devon-dist_2.4.0/conf/.m2/repository/org/neo4j/neo4j-cypher-runtime-util/3.5.1/neo4j-cypher-runtime-util-3.5.1.jar
2019-01-28 13:47:04.604+0000 INFO [o.n.i.d.DiagnosticsManager]  [classpath + loader.0] file:/C:/Projects/Devon-dist_2.4.0/conf/.m2/repository/io/netty/netty-all/4.1.30.Final/netty-all-4.1.30.Final.jar
2019-01-28 13:47:04.604+0000 INFO [o.n.i.d.DiagnosticsManager]  [classpath + loader.0] file:/C:/Projects/Devon-dist_2.4.0/conf/.m2/repository/org/neo4j/neo4j-graphdb-api/3.5.1/neo4j-graphdb-api-3.5.1.jar
2019-01-28 13:47:04.604+0000 INFO [o.n.i.d.DiagnosticsManager]  [classpath + loader.0] file:/C:/Projects/Devon-dist_2.4.0/conf/.m2/repository/org/neo4j/neo4j-cypher/3.5.1/neo4j-cypher-3.5.1.jar
2019-01-28 13:47:04.604+0000 INFO [o.n.i.d.DiagnosticsManager]  [classpath + loader.0] file:/C:/Projects/Devon-dist_2.4.0/conf/.m2/repository/org/neo4j/neo4j-lucene-upgrade/3.5.1/neo4j-lucene-upgrade-3.5.1.jar
2019-01-28 13:47:04.604+0000 INFO [o.n.i.d.DiagnosticsManager]  [classpath + loader.0] file:/C:/Projects/Devon-dist_2.4.0/conf/.m2/repository/org/neo4j/neo4j-graph-matching/3.1.9/neo4j-graph-matching-3.1.9.jar
2019-01-28 13:47:04.604+0000 INFO [o.n.i.d.DiagnosticsManager]  [classpath + loader.0] file:/C:/Projects/Devon-dist_2.4.0/conf/.m2/repository/org/apache/maven/maven-model/3.6.0/maven-model-3.6.0.jar
2019-01-28 13:47:04.604+0000 INFO [o.n.i.d.DiagnosticsManager]  [classpath + loader.0] file:/C:/Projects/Devon-dist_2.4.0/conf/.m2/repository/org/neo4j/neo4j-cypher-planner-spi-3.5/3.5.1/neo4j-cypher-planner-spi-3.5-3.5.1.jar
2019-01-28 13:47:04.604+0000 INFO [o.n.i.d.DiagnosticsManager]  [classpath + loader.0] file:/C:/Projects/Devon-dist_2.4.0/conf/.m2/repository/org/neo4j/neo4j-ssl/3.5.1/neo4j-ssl-3.5.1.jar
2019-01-28 13:47:04.604+0000 INFO [o.n.i.d.DiagnosticsManager]  [bootstrap] C:\Projects\Devon-dist_2.4.0\software\java\jre\classes
2019-01-28 13:47:04.604+0000 INFO [o.n.i.d.DiagnosticsManager]  [classpath + loader.0] file:/C:/Projects/Devon-dist_2.4.0/conf/.m2/repository/org/scala-lang/scala-reflect/2.11.12/scala-reflect-2.11.12.jar
2019-01-28 13:47:04.604+0000 INFO [o.n.i.d.DiagnosticsManager] Library path:
2019-01-28 13:47:04.604+0000 INFO [o.n.i.d.DiagnosticsManager] C:\Projects\Devon-dist_2.4.0\software\java\bin
2019-01-28 13:47:04.604+0000 INFO [o.n.i.d.DiagnosticsManager] C:\Windows\Sun\Java\bin
2019-01-28 13:47:04.604+0000 INFO [o.n.i.d.DiagnosticsManager] C:\Windows\System32
2019-01-28 13:47:04.604+0000 INFO [o.n.i.d.DiagnosticsManager] C:\Windows
2019-01-28 13:47:04.604+0000 INFO [o.n.i.d.DiagnosticsManager] C:\Projects\Devon-dist_2.4.0\software\java\jre\bin
2019-01-28 13:47:04.604+0000 INFO [o.n.i.d.DiagnosticsManager] C:\Projects\Devon-dist_2.4.0\software\vscode\bin
2019-01-28 13:47:04.604+0000 INFO [o.n.i.d.DiagnosticsManager] C:\Projects\Devon-dist_2.4.0\software\tomcat\bin
2019-01-28 13:47:04.604+0000 INFO [o.n.i.d.DiagnosticsManager] C:\Projects\Devon-dist_2.4.0\software\subversion
2019-01-28 13:47:04.604+0000 INFO [o.n.i.d.DiagnosticsManager] C:\Projects\Devon-dist_2.4.0\software\sonarqube\bin
2019-01-28 13:47:04.604+0000 INFO [o.n.i.d.DiagnosticsManager] C:\Projects\Devon-dist_2.4.0\software\python3
2019-01-28 13:47:04.604+0000 INFO [o.n.i.d.DiagnosticsManager] C:\Projects\Devon-dist_2.4.0\software\nodejs
2019-01-28 13:47:04.604+0000 INFO [o.n.i.d.DiagnosticsManager] C:\Projects\Devon-dist_2.4.0\software\maven\bin
2019-01-28 13:47:04.604+0000 INFO [o.n.i.d.DiagnosticsManager] C:\Projects\Devon-dist_2.4.0\software\logs
2019-01-28 13:47:04.604+0000 INFO [o.n.i.d.DiagnosticsManager] C:\Projects\Devon-dist_2.4.0\software\java\bin
2019-01-28 13:47:04.604+0000 INFO [o.n.i.d.DiagnosticsManager] C:\Projects\Devon-dist_2.4.0\software\jasypt\bin
2019-01-28 13:47:04.604+0000 INFO [o.n.i.d.DiagnosticsManager] C:\Projects\Devon-dist_2.4.0\software\eclipse
2019-01-28 13:47:04.604+0000 INFO [o.n.i.d.DiagnosticsManager] C:\Projects\Devon-dist_2.4.0\software\devcon
2019-01-28 13:47:04.604+0000 INFO [o.n.i.d.DiagnosticsManager] C:\Projects\Devon-dist_2.4.0\software\cmder\bin
2019-01-28 13:47:04.620+0000 INFO [o.n.i.d.DiagnosticsManager] C:\Projects\Devon-dist_2.4.0\software\ant\bin
2019-01-28 13:47:04.620+0000 INFO [o.n.i.d.DiagnosticsManager] C:\Program Files (x86)\Common Files\Oracle\Java\javapath
2019-01-28 13:47:04.620+0000 INFO [o.n.i.d.DiagnosticsManager] C:\Program Files (x86)\Intel\iCLS Client
2019-01-28 13:47:04.620+0000 INFO [o.n.i.d.DiagnosticsManager] C:\Program Files\Intel\iCLS Client
2019-01-28 13:47:04.620+0000 INFO [o.n.i.d.DiagnosticsManager] C:\Windows\System32
2019-01-28 13:47:04.620+0000 INFO [o.n.i.d.DiagnosticsManager] C:\Windows
2019-01-28 13:47:04.620+0000 INFO [o.n.i.d.DiagnosticsManager] C:\Windows\System32\wbem
2019-01-28 13:47:04.620+0000 INFO [o.n.i.d.DiagnosticsManager] C:\Windows\System32\WindowsPowerShell\v1.0
2019-01-28 13:47:04.620+0000 INFO [o.n.i.d.DiagnosticsManager] C:\Program Files (x86)\Intel\Intel(R) Management Engine Components\DAL
2019-01-28 13:47:04.620+0000 INFO [o.n.i.d.DiagnosticsManager] C:\Program Files\Intel\Intel(R) Management Engine Components\DAL
2019-01-28 13:47:04.620+0000 INFO [o.n.i.d.DiagnosticsManager] C:\Program Files (x86)\Intel\Intel(R) Management Engine Components\IPT
2019-01-28 13:47:04.620+0000 INFO [o.n.i.d.DiagnosticsManager] C:\Program Files\Intel\Intel(R) Management Engine Components\IPT
2019-01-28 13:47:04.620+0000 INFO [o.n.i.d.DiagnosticsManager] C:\Program Files\nodejs
2019-01-28 13:47:04.620+0000 INFO [o.n.i.d.DiagnosticsManager] C:\Program Files (x86)\Yarn\bin
2019-01-28 13:47:04.620+0000 INFO [o.n.i.d.DiagnosticsManager] C:\ProgramData\chocolatey\bin
2019-01-28 13:47:04.620+0000 INFO [o.n.i.d.DiagnosticsManager] C:\Program Files\Java\jdk1.8.0_191\bin
2019-01-28 13:47:04.620+0000 INFO [o.n.i.d.DiagnosticsManager] C:\tools\php73
2019-01-28 13:47:04.620+0000 INFO [o.n.i.d.DiagnosticsManager] C:\ProgramData\ComposerSetup\bin
2019-01-28 13:47:04.620+0000 INFO [o.n.i.d.DiagnosticsManager] C:\Program Files\Git\cmd
2019-01-28 13:47:04.636+0000 INFO [o.n.i.d.DiagnosticsManager] C:\Program Files\PuTTY
2019-01-28 13:47:04.636+0000 INFO [o.n.i.d.DiagnosticsManager] C:\ffmpeg\bin
2019-01-28 13:47:04.636+0000 INFO [o.n.i.d.DiagnosticsManager] C:\Users\vhacimuf\AppData\Local\Programs\Microsoft VS Code\bin
2019-01-28 13:47:04.636+0000 INFO [o.n.i.d.DiagnosticsManager] C:\Users\vhacimuf\AppData\Roaming\npm
2019-01-28 13:47:04.636+0000 INFO [o.n.i.d.DiagnosticsManager] C:\Users\vhacimuf\AppData\Local\Yarn\bin
2019-01-28 13:47:04.636+0000 INFO [o.n.i.d.DiagnosticsManager] C:\Users\vhacimuf\.devcon
2019-01-28 13:47:04.636+0000 INFO [o.n.i.d.DiagnosticsManager] C:\Users\vhacimuf\AppData\Local\atom\bin
2019-01-28 13:47:04.636+0000 INFO [o.n.i.d.DiagnosticsManager] C:\Users\vhacimuf\AppData\Roaming\Composer\vendor\bin
2019-01-28 13:47:04.636+0000 INFO [o.n.i.d.DiagnosticsManager] C:\Users\vhacimuf\AppData\Roaming\npm
2019-01-28 13:47:04.636+0000 INFO [o.n.i.d.DiagnosticsManager] C:\Projects\Devon-dist_2.4.0\workspaces\main\readData
2019-01-28 13:47:04.636+0000 INFO [o.n.i.d.DiagnosticsManager] System.properties:
2019-01-28 13:47:04.636+0000 INFO [o.n.i.d.DiagnosticsManager] sun.boot.library.path = C:\Projects\Devon-dist_2.4.0\software\java\jre\bin
2019-01-28 13:47:04.636+0000 INFO [o.n.i.d.DiagnosticsManager] user.country.format = DE
2019-01-28 13:47:04.636+0000 INFO [o.n.i.d.DiagnosticsManager] path.separator = ;
2019-01-28 13:47:04.636+0000 INFO [o.n.i.d.DiagnosticsManager] file.encoding.pkg = sun.io
2019-01-28 13:47:04.636+0000 INFO [o.n.i.d.DiagnosticsManager] user.country = US
2019-01-28 13:47:04.636+0000 INFO [o.n.i.d.DiagnosticsManager] user.script = 
2019-01-28 13:47:04.636+0000 INFO [o.n.i.d.DiagnosticsManager] sun.java.launcher = SUN_STANDARD
2019-01-28 13:47:04.636+0000 INFO [o.n.i.d.DiagnosticsManager] sun.os.patch.level = Service Pack 1
2019-01-28 13:47:04.636+0000 INFO [o.n.i.d.DiagnosticsManager] user.dir = C:\Projects\Devon-dist_2.4.0\workspaces\main\readData
2019-01-28 13:47:04.636+0000 INFO [o.n.i.d.DiagnosticsManager] user.variant = 
2019-01-28 13:47:04.636+0000 INFO [o.n.i.d.DiagnosticsManager] sun.jnu.encoding = Cp1252
2019-01-28 13:47:04.636+0000 INFO [o.n.i.d.DiagnosticsManager] jnidispatch.path = C:\Users\vhacimuf\AppData\Local\Temp\jna-175984393\jna1919589596780355512.dll
2019-01-28 13:47:04.636+0000 INFO [o.n.i.d.DiagnosticsManager] sun.management.compiler = HotSpot 64-Bit Tiered Compilers
2019-01-28 13:47:04.636+0000 INFO [o.n.i.d.DiagnosticsManager] user.home = C:\Users\vhacimuf
2019-01-28 13:47:04.636+0000 INFO [o.n.i.d.DiagnosticsManager] user.timezone = Europe/Berlin
2019-01-28 13:47:04.636+0000 INFO [o.n.i.d.DiagnosticsManager] file.encoding = UTF-8
2019-01-28 13:47:04.636+0000 INFO [o.n.i.d.DiagnosticsManager] user.name = vhacimuf
2019-01-28 13:47:04.636+0000 INFO [o.n.i.d.DiagnosticsManager] sun.java.command = updatedinterfacesvis.main
2019-01-28 13:47:04.636+0000 INFO [o.n.i.d.DiagnosticsManager] sun.arch.data.model = 64
2019-01-28 13:47:04.636+0000 INFO [o.n.i.d.DiagnosticsManager] user.language = en
2019-01-28 13:47:04.636+0000 INFO [o.n.i.d.DiagnosticsManager] user.language.format = de
2019-01-28 13:47:04.636+0000 INFO [o.n.i.d.DiagnosticsManager] awt.toolkit = sun.awt.windows.WToolkit
2019-01-28 13:47:04.636+0000 INFO [o.n.i.d.DiagnosticsManager] file.separator = \
2019-01-28 13:47:04.636+0000 INFO [o.n.i.d.DiagnosticsManager] sun.io.unicode.encoding = UnicodeLittle
2019-01-28 13:47:04.636+0000 INFO [o.n.i.d.DiagnosticsManager] sun.cpu.endian = little
2019-01-28 13:47:04.636+0000 INFO [o.n.i.d.DiagnosticsManager] sun.desktop = windows
2019-01-28 13:47:04.636+0000 INFO [o.n.i.d.DiagnosticsManager] sun.cpu.isalist = amd64
2019-01-28 13:47:04.636+0000 INFO [o.n.i.d.DiagnosticsManager] (IANA) TimeZone Database Version:
2019-01-28 13:47:04.667+0000 INFO [o.n.i.d.DiagnosticsManager]   TimeZone version: 2018c (available for 599 zone identifiers)
2019-01-28 13:47:04.667+0000 INFO [o.n.i.d.DiagnosticsManager] Network information:
2019-01-28 13:47:04.953+0000 INFO [o.n.i.d.DiagnosticsManager] Interface Software Loopback Interface 1:
2019-01-28 13:47:04.953+0000 INFO [o.n.i.d.DiagnosticsManager]     address: 127.0.0.1
2019-01-28 13:47:04.953+0000 INFO [o.n.i.d.DiagnosticsManager]     address: 0:0:0:0:0:0:0:1
2019-01-28 13:47:04.953+0000 INFO [o.n.i.d.DiagnosticsManager] Interface WAN Miniport (SSTP):
2019-01-28 13:47:04.953+0000 INFO [o.n.i.d.DiagnosticsManager] Interface WAN Miniport (L2TP):
2019-01-28 13:47:04.953+0000 INFO [o.n.i.d.DiagnosticsManager] Interface WAN Miniport (PPTP):
2019-01-28 13:47:04.953+0000 INFO [o.n.i.d.DiagnosticsManager] Interface WAN Miniport (PPPOE):
2019-01-28 13:47:04.953+0000 INFO [o.n.i.d.DiagnosticsManager] Interface WAN Miniport (IPv6):
2019-01-28 13:47:04.953+0000 INFO [o.n.i.d.DiagnosticsManager] Interface WAN Miniport (Network Monitor):
2019-01-28 13:47:04.953+0000 INFO [o.n.i.d.DiagnosticsManager] Interface WAN Miniport (IP):
2019-01-28 13:47:04.953+0000 INFO [o.n.i.d.DiagnosticsManager] Interface RAS Async Adapter:
2019-01-28 13:47:04.953+0000 INFO [o.n.i.d.DiagnosticsManager] Interface WAN Miniport (IKEv2):
2019-01-28 13:47:04.953+0000 INFO [o.n.i.d.DiagnosticsManager] Interface Intel(R) Ethernet Connection (2) I219-LM:
2019-01-28 13:47:04.953+0000 INFO [o.n.i.d.DiagnosticsManager]     address: fe80:0:0:0:1da1:6571:bc23:9fba%eth3
2019-01-28 13:47:04.953+0000 INFO [o.n.i.d.DiagnosticsManager] Interface Intel(R) Dual Band Wireless-AC 8260:
2019-01-28 13:47:04.953+0000 INFO [o.n.i.d.DiagnosticsManager]     address: 10.40.148.121
2019-01-28 13:47:04.953+0000 INFO [o.n.i.d.DiagnosticsManager]     address: fe80:0:0:0:35b6:21ff:14cb:b28e%wlan0
2019-01-28 13:47:04.953+0000 INFO [o.n.i.d.DiagnosticsManager] Interface Bluetooth Device (Personal Area Network):
2019-01-28 13:47:04.953+0000 INFO [o.n.i.d.DiagnosticsManager]     address: fe80:0:0:0:b9ee:f8aa:3306:cbb6%eth4
2019-01-28 13:47:04.953+0000 INFO [o.n.i.d.DiagnosticsManager] Interface Bluetooth Device (RFCOMM Protocol TDI):
2019-01-28 13:47:04.953+0000 INFO [o.n.i.d.DiagnosticsManager] Interface Cisco AnyConnect Secure Mobility Client Virtual Miniport Adapter for Windows x64:
2019-01-28 13:47:04.953+0000 INFO [o.n.i.d.DiagnosticsManager] Interface Teredo Tunneling Pseudo-Interface:
2019-01-28 13:47:04.953+0000 INFO [o.n.i.d.DiagnosticsManager]     address: fe80:0:0:0:e0:0:0:0%net5
2019-01-28 13:47:04.953+0000 INFO [o.n.i.d.DiagnosticsManager] Interface VMware Virtual Ethernet Adapter for VMnet1:
2019-01-28 13:47:04.953+0000 INFO [o.n.i.d.DiagnosticsManager]     address: 192.168.204.1
2019-01-28 13:47:04.953+0000 INFO [o.n.i.d.DiagnosticsManager]     address: fe80:0:0:0:e178:f2ba:7b68:da64%eth6
2019-01-28 13:47:04.953+0000 INFO [o.n.i.d.DiagnosticsManager] Interface VMware Virtual Ethernet Adapter for VMnet8:
2019-01-28 13:47:04.953+0000 INFO [o.n.i.d.DiagnosticsManager]     address: 192.168.145.1
2019-01-28 13:47:04.953+0000 INFO [o.n.i.d.DiagnosticsManager]     address: fe80:0:0:0:f54d:51e4:2ce5:ff54%eth7
2019-01-28 13:47:04.953+0000 INFO [o.n.i.d.DiagnosticsManager] Interface Microsoft ISATAP Adapter #7:
2019-01-28 13:47:04.953+0000 INFO [o.n.i.d.DiagnosticsManager] Interface Microsoft ISATAP Adapter #2:
2019-01-28 13:47:04.953+0000 INFO [o.n.i.d.DiagnosticsManager]     address: fe80:0:0:0:0:5efe:a28:9479%net7
2019-01-28 13:47:04.953+0000 INFO [o.n.i.d.DiagnosticsManager] Interface Microsoft ISATAP Adapter #3:
2019-01-28 13:47:04.953+0000 INFO [o.n.i.d.DiagnosticsManager]     address: fe80:0:0:0:0:5efe:c0a8:9101%net8
2019-01-28 13:47:04.953+0000 INFO [o.n.i.d.DiagnosticsManager] Interface Microsoft ISATAP Adapter #4:
2019-01-28 13:47:04.953+0000 INFO [o.n.i.d.DiagnosticsManager] Interface Microsoft ISATAP Adapter:
2019-01-28 13:47:04.953+0000 INFO [o.n.i.d.DiagnosticsManager] Interface Microsoft ISATAP Adapter #5:
2019-01-28 13:47:04.953+0000 INFO [o.n.i.d.DiagnosticsManager] Interface Microsoft ISATAP Adapter-Symantec Endpoint Protection Firewall-0000:
2019-01-28 13:47:04.953+0000 INFO [o.n.i.d.DiagnosticsManager] Interface Microsoft ISATAP Adapter #2-Symantec Endpoint Protection Firewall-0000:
2019-01-28 13:47:04.953+0000 INFO [o.n.i.d.DiagnosticsManager] Interface Microsoft ISATAP Adapter #3-Symantec Endpoint Protection Firewall-0000:
2019-01-28 13:47:04.953+0000 INFO [o.n.i.d.DiagnosticsManager] Interface Microsoft ISATAP Adapter #4-Symantec Endpoint Protection Firewall-0000:
2019-01-28 13:47:04.953+0000 INFO [o.n.i.d.DiagnosticsManager] Interface Microsoft ISATAP Adapter #5-Symantec Endpoint Protection Firewall-0000:
2019-01-28 13:47:04.953+0000 INFO [o.n.i.d.DiagnosticsManager] Interface Microsoft ISATAP Adapter #7-Symantec Endpoint Protection Firewall-0000:
2019-01-28 13:47:04.953+0000 INFO [o.n.i.d.DiagnosticsManager] Interface Teredo Tunneling Pseudo-Interface-Symantec Endpoint Protection Firewall-0000:
2019-01-28 13:47:04.953+0000 INFO [o.n.i.d.DiagnosticsManager] Interface Intel(R) Dual Band Wireless-AC 8260-Cisco AnyConnect Network Access Manager Filter Driver-0000:
2019-01-28 13:47:04.953+0000 INFO [o.n.i.d.DiagnosticsManager] Interface Intel(R) Dual Band Wireless-AC 8260-QoS Packet Scheduler-0000:
2019-01-28 13:47:04.953+0000 INFO [o.n.i.d.DiagnosticsManager] Interface Intel(R) Dual Band Wireless-AC 8260-Symantec Endpoint Protection Firewall-0000:
2019-01-28 13:47:04.953+0000 INFO [o.n.i.d.DiagnosticsManager] Interface Intel(R) Dual Band Wireless-AC 8260-Virtual WiFi Filter Driver-0000:
2019-01-28 13:47:04.953+0000 INFO [o.n.i.d.DiagnosticsManager] Interface Intel(R) Ethernet Connection (2) I219-LM-Cisco AnyConnect Network Access Manager Filter Driver-0000:
2019-01-28 13:47:04.953+0000 INFO [o.n.i.d.DiagnosticsManager] Interface Intel(R) Ethernet Connection (2) I219-LM-QoS Packet Scheduler-0000:
2019-01-28 13:47:04.953+0000 INFO [o.n.i.d.DiagnosticsManager] Interface Intel(R) Ethernet Connection (2) I219-LM-WFP LightWeight Filter-0000:
2019-01-28 13:47:04.953+0000 INFO [o.n.i.d.DiagnosticsManager] Interface Intel(R) Ethernet Connection (2) I219-LM-Symantec Endpoint Protection Firewall-0000:
2019-01-28 13:47:04.953+0000 INFO [o.n.i.d.DiagnosticsManager] Interface Microsoft ISATAP Adapter #6:
2019-01-28 13:47:04.953+0000 INFO [o.n.i.d.DiagnosticsManager] Interface Microsoft ISATAP Adapter #6-Symantec Endpoint Protection Firewall-0000:
2019-01-28 13:47:04.953+0000 INFO [o.n.i.d.DiagnosticsManager] Interface WAN Miniport (IPv6)-Symantec Endpoint Protection Firewall-0000:
2019-01-28 13:47:04.953+0000 INFO [o.n.i.d.DiagnosticsManager] Interface WAN Miniport (IPv6)-QoS Packet Scheduler-0000:
2019-01-28 13:47:04.953+0000 INFO [o.n.i.d.DiagnosticsManager] Interface WAN Miniport (IP)-Symantec Endpoint Protection Firewall-0000:
2019-01-28 13:47:04.953+0000 INFO [o.n.i.d.DiagnosticsManager] Interface WAN Miniport (IP)-QoS Packet Scheduler-0000:
2019-01-28 13:47:04.953+0000 INFO [o.n.i.d.DiagnosticsManager] Interface WAN Miniport (Network Monitor)-Symantec Endpoint Protection Firewall-0000:
2019-01-28 13:47:04.953+0000 INFO [o.n.i.d.DiagnosticsManager] Interface WAN Miniport (Network Monitor)-QoS Packet Scheduler-0000:
2019-01-28 13:47:04.953+0000 INFO [o.n.i.d.DiagnosticsManager] Interface Intel(R) Dual Band Wireless-AC 8260-Native WiFi Filter Driver-0000:
2019-01-28 13:47:04.953+0000 INFO [o.n.i.d.DiagnosticsManager] Interface Intel(R) Dual Band Wireless-AC 8260-WFP LightWeight Filter-0000:
2019-01-28 13:47:04.953+0000 INFO [o.n.i.d.DiagnosticsManager] --- INITIALIZED diagnostics END ---
2019-01-28 13:47:05.000+0000 INFO [o.n.i.d.DiagnosticsManager] --- STOPPING diagnostics START ---
2019-01-28 13:47:05.000+0000 INFO [o.n.i.d.DiagnosticsManager] --- STOPPING diagnostics END ---
2019-01-28 13:47:05.000+0000 INFO [o.n.g.f.GraphDatabaseFacadeFactory] Shutdown started
